<?xml version="1.0" encoding="UTF-8"?>
<!-- Generated by org.testng.reporters.JUnitXMLReporter -->
<testsuite ignored="0" hostname="No-nam3" failures="0" tests="3" name="RtCampTestGroupTest" time="5.677" errors="0" timestamp="2024-09-22T14:38:49 IST">
  <testcase classname="rtCampQATests.EndToEndTest" name="TwoIetmsTest" time="2.532"/>
  <testcase classname="rtCampQATests.EndToEndTest" name="FourItemsTest" time="1.083"/>
  <testcase classname="rtCampQATests.EndToEndTest" name="NegativeCase" time="0.83"/>
</testsuite> <!-- RtCampTestGroupTest -->
